<?xml version="1.0" encoding="UTF-8"?>
<testsuite name="project.StudentsControllerTest" tests="23" skipped="0" failures="0" errors="0" timestamp="2022-10-22T16:54:25" hostname="DESKTOP-DM0E31D" time="0.093">
  <properties/>
  <testcase name="Student with right amount of credentials and format should return true" classname="project.StudentsControllerTest" time="0.02"/>
  <testcase name="Student with right amount of credentials and format should return true" classname="project.StudentsControllerTest" time="0.001"/>
  <testcase name="Student with right amount of credentials and format should return true" classname="project.StudentsControllerTest" time="0.001"/>
  <testcase name="Return correct students id set" classname="project.StudentsControllerTest" time="0.001"/>
  <testcase name="Add student with less than 3 credentials should return false" classname="project.StudentsControllerTest" time="0.001"/>
  <testcase name="Add student with less than 3 credentials should return false" classname="project.StudentsControllerTest" time="0.001"/>
  <testcase name="Add student with less than 3 credentials should return false" classname="project.StudentsControllerTest" time="0.001"/>
  <testcase name="Student with invalid last name should return false" classname="project.StudentsControllerTest" time="0.001"/>
  <testcase name="Student with invalid last name should return false" classname="project.StudentsControllerTest" time="0.001"/>
  <testcase name="Student with invalid last name should return false" classname="project.StudentsControllerTest" time="0.001"/>
  <testcase name="Student with invalid last name should return false" classname="project.StudentsControllerTest" time="0.001"/>
  <testcase name="Student with invalid first name should return false" classname="project.StudentsControllerTest" time="0.002"/>
  <testcase name="Student with invalid first name should return false" classname="project.StudentsControllerTest" time="0.001"/>
  <testcase name="Student with invalid first name should return false" classname="project.StudentsControllerTest" time="0.001"/>
  <testcase name="Student with invalid first name should return false" classname="project.StudentsControllerTest" time="0.002"/>
  <testcase name="Only students with unique email can be added" classname="project.StudentsControllerTest" time="0.002"/>
  <testcase name="Students with different emails can be added" classname="project.StudentsControllerTest" time="0.001"/>
  <testcase name="Student with wrong email format should return false" classname="project.StudentsControllerTest" time="0.005"/>
  <testcase name="Student with wrong email format should return false" classname="project.StudentsControllerTest" time="0.002"/>
  <testcase name="Student with wrong email format should return false" classname="project.StudentsControllerTest" time="0.001"/>
  <testcase name="Student with wrong email format should return false" classname="project.StudentsControllerTest" time="0.002"/>
  <testcase name="Student with wrong email format should return false" classname="project.StudentsControllerTest" time="0.003"/>
  <testcase name="Correct student information being added" classname="project.StudentsControllerTest" time="0.002"/>
  <system-out><![CDATA[]]></system-out>
  <system-err><![CDATA[]]></system-err>
</testsuite>
