<?xml version="1.0" encoding="UTF-8"?>
<testsuite name="project.StudentsControllerTest" tests="7" skipped="0" failures="0" errors="0" timestamp="2022-10-20T05:05:19" hostname="DESKTOP-DM0E31D" time="0.031">
  <properties/>
  <testcase name="Student with invalid first name should return false" classname="project.StudentsControllerTest" time="0.02"/>
  <testcase name="Add student with less than 3 credentials should return false" classname="project.StudentsControllerTest" time="0.001"/>
  <testcase name="Student with invalid last name should return false" classname="project.StudentsControllerTest" time="0.001"/>
  <testcase name="Student with right amount of credentials should return true" classname="project.StudentsControllerTest" time="0.002"/>
  <testcase name="Student has not been added to students list" classname="project.StudentsControllerTest" time="0.003"/>
  <testcase name="Students has been added to students list" classname="project.StudentsControllerTest" time="0.001"/>
  <testcase name="Student with wrong email format should return false" classname="project.StudentsControllerTest" time="0.001"/>
  <system-out><![CDATA[Incorrect first name
Incorrect first name
Incorrect credentials
Incorrect credentials
Incorrect credentials
Incorrect last name
Incorrect last name
Incorrect credentials
Incorrect credentials
Incorrect credentials
Incorrect first name
Incorrect first name
Incorrect last name
Incorrect last name
Incorrect email
Incorrect email
Incorrect email
Incorrect email
Incorrect email
Incorrect email
]]></system-out>
  <system-err><![CDATA[]]></system-err>
</testsuite>
