<?xml version="1.0" encoding="UTF-8"?>
<testsuite name="project.StudentTest" tests="10" skipped="0" failures="0" errors="0" timestamp="2022-10-22T07:33:15" hostname="DESKTOP-DM0E31D" time="0.012">
  <properties/>
  <testcase name="Objects have same hashcode if they have same email" classname="project.StudentTest" time="0.001"/>
  <testcase name="objectsAreEqual()" classname="project.StudentTest" time="0.0"/>
  <testcase name="getFirstName()" classname="project.StudentTest" time="0.0"/>
  <testcase name="setLastName()" classname="project.StudentTest" time="0.001"/>
  <testcase name="Objects are considered equal if they have the same email" classname="project.StudentTest" time="0.0"/>
  <testcase name="getLastName()" classname="project.StudentTest" time="0.001"/>
  <testcase name="Objects are not equal if they have different email, not same class or null" classname="project.StudentTest" time="0.003"/>
  <testcase name="setEmail()" classname="project.StudentTest" time="0.0"/>
  <testcase name="setFirstName()" classname="project.StudentTest" time="0.001"/>
  <testcase name="getEmail()" classname="project.StudentTest" time="0.001"/>
  <system-out><![CDATA[]]></system-out>
  <system-err><![CDATA[]]></system-err>
</testsuite>
