<?xml version="1.0" encoding="UTF-8"?>
<testsuite name="project.statistics.StatisticsTest" tests="23" skipped="0" failures="0" errors="0" timestamp="2022-10-23T12:03:05" hostname="DESKTOP-DM0E31D" time="0.062">
  <properties/>
  <testcase name="Student with right amount of credentials and format should return true" classname="project.statistics.StatisticsTest" time="0.02"/>
  <testcase name="Student with right amount of credentials and format should return true" classname="project.statistics.StatisticsTest" time="0.001"/>
  <testcase name="Student with right amount of credentials and format should return true" classname="project.statistics.StatisticsTest" time="0.001"/>
  <testcase name="Return correct students id set" classname="project.statistics.StatisticsTest" time="0.001"/>
  <testcase name="Add student with less than 3 credentials should return false" classname="project.statistics.StatisticsTest" time="0.001"/>
  <testcase name="Add student with less than 3 credentials should return false" classname="project.statistics.StatisticsTest" time="0.001"/>
  <testcase name="Add student with less than 3 credentials should return false" classname="project.statistics.StatisticsTest" time="0.001"/>
  <testcase name="Student with invalid last name should return false" classname="project.statistics.StatisticsTest" time="0.001"/>
  <testcase name="Student with invalid last name should return false" classname="project.statistics.StatisticsTest" time="0.0"/>
  <testcase name="Student with invalid last name should return false" classname="project.statistics.StatisticsTest" time="0.001"/>
  <testcase name="Student with invalid last name should return false" classname="project.statistics.StatisticsTest" time="0.001"/>
  <testcase name="Student with invalid first name should return false" classname="project.statistics.StatisticsTest" time="0.001"/>
  <testcase name="Student with invalid first name should return false" classname="project.statistics.StatisticsTest" time="0.0"/>
  <testcase name="Student with invalid first name should return false" classname="project.statistics.StatisticsTest" time="0.001"/>
  <testcase name="Student with invalid first name should return false" classname="project.statistics.StatisticsTest" time="0.001"/>
  <testcase name="Only students with unique email can be added" classname="project.statistics.StatisticsTest" time="0.002"/>
  <testcase name="Students with different emails can be added" classname="project.statistics.StatisticsTest" time="0.001"/>
  <testcase name="Student with wrong email format should return false" classname="project.statistics.StatisticsTest" time="0.001"/>
  <testcase name="Student with wrong email format should return false" classname="project.statistics.StatisticsTest" time="0.001"/>
  <testcase name="Student with wrong email format should return false" classname="project.statistics.StatisticsTest" time="0.001"/>
  <testcase name="Student with wrong email format should return false" classname="project.statistics.StatisticsTest" time="0.001"/>
  <testcase name="Student with wrong email format should return false" classname="project.statistics.StatisticsTest" time="0.0"/>
  <testcase name="Correct student information being added" classname="project.statistics.StatisticsTest" time="0.001"/>
  <system-out><![CDATA[The student has been added
The student has been added
The student has been added
The student has been added
The student has been added
The student has been added
The student has been added
The student has been added
The student has been added
The student has been added
The student has been added
]]></system-out>
  <system-err><![CDATA[]]></system-err>
</testsuite>
