<?xml version="1.0" encoding="UTF-8"?>
<testsuite name="project.StudentTest" tests="6" skipped="0" failures="0" errors="0" timestamp="2022-10-20T03:56:22" hostname="DESKTOP-DM0E31D" time="0.026">
  <properties/>
  <testcase name="getFirstName()" classname="project.StudentTest" time="0.02"/>
  <testcase name="setLastName()" classname="project.StudentTest" time="0.001"/>
  <testcase name="getLastName()" classname="project.StudentTest" time="0.0"/>
  <testcase name="setEmail()" classname="project.StudentTest" time="0.001"/>
  <testcase name="setFirstName()" classname="project.StudentTest" time="0.001"/>
  <testcase name="getEmail()" classname="project.StudentTest" time="0.001"/>
  <system-out><![CDATA[]]></system-out>
  <system-err><![CDATA[]]></system-err>
</testsuite>
