<?xml version="1.0" encoding="UTF-8"?>
<testsuite name="project.StudentsControllerTest" tests="24" skipped="0" failures="0" errors="0" timestamp="2022-10-22T06:09:33" hostname="DESKTOP-DM0E31D" time="0.08">
  <properties/>
  <testcase name="Student with right amount of credentials and format should return true" classname="project.StudentsControllerTest" time="0.037"/>
  <testcase name="Student with right amount of credentials and format should return true" classname="project.StudentsControllerTest" time="0.001"/>
  <testcase name="Student with right amount of credentials and format should return true" classname="project.StudentsControllerTest" time="0.0"/>
  <testcase name="Add student with less than 3 credentials should return false" classname="project.StudentsControllerTest" time="0.002"/>
  <testcase name="Add student with less than 3 credentials should return false" classname="project.StudentsControllerTest" time="0.001"/>
  <testcase name="Add student with less than 3 credentials should return false" classname="project.StudentsControllerTest" time="0.001"/>
  <testcase name="Only students with unique email can be added" classname="project.StudentsControllerTest" time="0.002"/>
  <testcase name="Student with invalid last name should return false" classname="project.StudentsControllerTest" time="0.001"/>
  <testcase name="Student with invalid last name should return false" classname="project.StudentsControllerTest" time="0.0"/>
  <testcase name="Student with invalid last name should return false" classname="project.StudentsControllerTest" time="0.001"/>
  <testcase name="Student with invalid last name should return false" classname="project.StudentsControllerTest" time="0.001"/>
  <testcase name="Student with invalid first name should return false" classname="project.StudentsControllerTest" time="0.0"/>
  <testcase name="Student with invalid first name should return false" classname="project.StudentsControllerTest" time="0.0"/>
  <testcase name="Student with invalid first name should return false" classname="project.StudentsControllerTest" time="0.001"/>
  <testcase name="Student with invalid first name should return false" classname="project.StudentsControllerTest" time="0.0"/>
  <testcase name="Student has not been added to students list" classname="project.StudentsControllerTest" time="0.002"/>
  <testcase name="Student with same email does not overwrite previous one" classname="project.StudentsControllerTest" time="0.003"/>
  <testcase name="Students with different emails can be added" classname="project.StudentsControllerTest" time="0.0"/>
  <testcase name="Student with wrong email format should return false" classname="project.StudentsControllerTest" time="0.0"/>
  <testcase name="Student with wrong email format should return false" classname="project.StudentsControllerTest" time="0.0"/>
  <testcase name="Student with wrong email format should return false" classname="project.StudentsControllerTest" time="0.001"/>
  <testcase name="Student with wrong email format should return false" classname="project.StudentsControllerTest" time="0.0"/>
  <testcase name="Student with wrong email format should return false" classname="project.StudentsControllerTest" time="0.001"/>
  <testcase name="Correct student information being added" classname="project.StudentsControllerTest" time="0.001"/>
  <system-out><![CDATA[Incorrect credentials
Incorrect credentials
Incorrect credentials
email is already taken.
email is already taken.
Incorrect last name
Incorrect last name
Incorrect last name
Incorrect last name
Incorrect first name
Incorrect first name
Incorrect first name
Incorrect first name
Incorrect credentials
Incorrect credentials
Incorrect credentials
Incorrect first name
Incorrect first name
Incorrect last name
Incorrect last name
Incorrect email
Incorrect email
Incorrect email
Incorrect first name
Incorrect first name
Incorrect last name
Incorrect last name
email is already taken.
Incorrect email
Incorrect email
Incorrect email
Incorrect email
Incorrect email
]]></system-out>
  <system-err><![CDATA[]]></system-err>
</testsuite>
