<?xml version="1.0" encoding="UTF-8"?>
<testsuite name="project.statistics.StudentStatisticsTest" tests="2" skipped="0" failures="0" errors="0" timestamp="2022-10-24T06:03:13" hostname="DESKTOP-DM0E31D" time="0.022">
  <properties/>
  <testcase name="compareTo()" classname="project.statistics.StudentStatisticsTest" time="0.019"/>
  <testcase name="testToString()" classname="project.statistics.StudentStatisticsTest" time="0.003"/>
  <system-out><![CDATA[]]></system-out>
  <system-err><![CDATA[]]></system-err>
</testsuite>
