<?xml version="1.0" encoding="UTF-8"?>
<testsuite name="project.statistics.StatisticsTest" tests="33" skipped="0" failures="0" errors="0" timestamp="2022-10-24T07:10:57" hostname="DESKTOP-DM0E31D" time="0.121">
  <properties/>
  <testcase name="Show correct easiest courses" classname="project.statistics.StatisticsTest" time="0.011"/>
  <testcase name="Show correct highest activity set" classname="project.statistics.StatisticsTest" time="0.01"/>
  <testcase name="Throw error if no students found in course" classname="project.statistics.StatisticsTest" time="0.003"/>
  <testcase name="Student with right amount of credentials and format should return true" classname="project.statistics.StatisticsTest" time="0.018"/>
  <testcase name="Student with right amount of credentials and format should return true" classname="project.statistics.StatisticsTest" time="0.001"/>
  <testcase name="Student with right amount of credentials and format should return true" classname="project.statistics.StatisticsTest" time="0.001"/>
  <testcase name="Return correct students id set" classname="project.statistics.StatisticsTest" time="0.001"/>
  <testcase name="Add student with less than 3 credentials should return false" classname="project.statistics.StatisticsTest" time="0.001"/>
  <testcase name="Add student with less than 3 credentials should return false" classname="project.statistics.StatisticsTest" time="0.001"/>
  <testcase name="Add student with less than 3 credentials should return false" classname="project.statistics.StatisticsTest" time="0.001"/>
  <testcase name="Student with invalid last name should return false" classname="project.statistics.StatisticsTest" time="0.001"/>
  <testcase name="Student with invalid last name should return false" classname="project.statistics.StatisticsTest" time="0.001"/>
  <testcase name="Student with invalid last name should return false" classname="project.statistics.StatisticsTest" time="0.001"/>
  <testcase name="Student with invalid last name should return false" classname="project.statistics.StatisticsTest" time="0.001"/>
  <testcase name="Student with invalid first name should return false" classname="project.statistics.StatisticsTest" time="0.001"/>
  <testcase name="Student with invalid first name should return false" classname="project.statistics.StatisticsTest" time="0.0"/>
  <testcase name="Student with invalid first name should return false" classname="project.statistics.StatisticsTest" time="0.001"/>
  <testcase name="Student with invalid first name should return false" classname="project.statistics.StatisticsTest" time="0.001"/>
  <testcase name="Only students with unique email can be added" classname="project.statistics.StatisticsTest" time="0.002"/>
  <testcase name="Throw error if no course found for the name" classname="project.statistics.StatisticsTest" time="0.001"/>
  <testcase name="Does not throw error if students were found and course name is correct" classname="project.statistics.StatisticsTest" time="0.003"/>
  <testcase name="Return empty set if no students enrolled" classname="project.statistics.StatisticsTest" time="0.002"/>
  <testcase name="Show correct hardest courses" classname="project.statistics.StatisticsTest" time="0.003"/>
  <testcase name="Show correct least popular courses" classname="project.statistics.StatisticsTest" time="0.002"/>
  <testcase name="Students with different emails can be added" classname="project.statistics.StatisticsTest" time="0.001"/>
  <testcase name="Student with wrong email format should return false" classname="project.statistics.StatisticsTest" time="0.002"/>
  <testcase name="Student with wrong email format should return false" classname="project.statistics.StatisticsTest" time="0.001"/>
  <testcase name="Student with wrong email format should return false" classname="project.statistics.StatisticsTest" time="0.0"/>
  <testcase name="Student with wrong email format should return false" classname="project.statistics.StatisticsTest" time="0.0"/>
  <testcase name="Student with wrong email format should return false" classname="project.statistics.StatisticsTest" time="0.0"/>
  <testcase name="Show correct most popular courses" classname="project.statistics.StatisticsTest" time="0.003"/>
  <testcase name="Show correct lowest activity set" classname="project.statistics.StatisticsTest" time="0.003"/>
  <testcase name="Correct student information being added" classname="project.statistics.StatisticsTest" time="0.001"/>
  <system-out><![CDATA[]]></system-out>
  <system-err><![CDATA[]]></system-err>
</testsuite>
