<?xml version="1.0" encoding="UTF-8"?>
<testsuite name="project.CourseTest" tests="3" skipped="0" failures="0" errors="0" timestamp="2022-10-22T07:33:15" hostname="DESKTOP-DM0E31D" time="0.022">
  <properties/>
  <testcase name="Does not add negative numbers" classname="project.CourseTest" time="0.018"/>
  <testcase name="getName()" classname="project.CourseTest" time="0.002"/>
  <testcase name="getScore()" classname="project.CourseTest" time="0.0"/>
  <system-out><![CDATA[]]></system-out>
  <system-err><![CDATA[]]></system-err>
</testsuite>
