<?xml version="1.0" encoding="UTF-8"?>
<testsuite name="project.CourseTest" tests="8" skipped="0" failures="0" errors="0" timestamp="2022-10-23T02:04:24" hostname="DESKTOP-DM0E31D" time="0.03">
  <properties/>
  <testcase name="Courses are not equals if name is not the same" classname="project.CourseTest" time="0.02"/>
  <testcase name="Courses are equals if name is the same" classname="project.CourseTest" time="0.002"/>
  <testcase name="Does not add negative numbers" classname="project.CourseTest" time="0.001"/>
  <testcase name="Courses has same hashcode" classname="project.CourseTest" time="0.001"/>
  <testcase name="getName()" classname="project.CourseTest" time="0.001"/>
  <testcase name="Completion score show correctly" classname="project.CourseTest" time="0.001"/>
  <testcase name="Courses are not equal if other course is null" classname="project.CourseTest" time="0.001"/>
  <testcase name="getScore()" classname="project.CourseTest" time="0.0"/>
  <system-out><![CDATA[]]></system-out>
  <system-err><![CDATA[]]></system-err>
</testsuite>
